<?xml version="1.0" encoding="UTF-8"?>
<!-- Generated by org.testng.reporters.JUnitReportReporter -->
<testsuite skipped="0" hostname="Muhammads-MacBook.local" name="weightwatchersassignment.WeightWatchTest" tests="7" failures="0" timestamp="27 Oct 2019 16:13:27 GMT" time="17.407" errors="0">
  <testcase name="verifyStringInTheTitle" time="0.069" classname="weightwatchersassignment.WeightWatchTest"/>
  <testcase name="findAStudioButtonClick" time="9.269" classname="weightwatchersassignment.WeightWatchTest"/>
  <testcase name="verifyStringInAFindAStudioPageTitle" time="0.089" classname="weightwatchersassignment.WeightWatchTest"/>
  <testcase name="enterZipCodeAndSearch" time="2.094" classname="weightwatchersassignment.WeightWatchTest"/>
  <testcase name="printTheTitleAndDistanceOfFirstResult" time="2.449" classname="weightwatchersassignment.WeightWatchTest"/>
  <testcase name="firstSearchClickAndNameMatch" time="2.898" classname="weightwatchersassignment.WeightWatchTest"/>
  <testcase name="printTodaysHoursOfOperation" time="0.539" classname="weightwatchersassignment.WeightWatchTest"/>
</testsuite> <!-- weightwatchersassignment.WeightWatchTest -->
