<?xml version="1.0" encoding="UTF-8"?>
<!-- Generated by org.testng.reporters.JUnitReportReporter -->
<testsuite skipped="0" hostname="MuhammasMacBook.home" name="weightwatchersassignment.WeightWatchTest" tests="7" failures="0" timestamp="25 Oct 2019 14:30:30 GMT" time="17.626" errors="0">
  <testcase name="verifyStringInTheTitle" time="0.107" classname="weightwatchersassignment.WeightWatchTest"/>
  <testcase name="findAStudioButtonClick" time="8.792" classname="weightwatchersassignment.WeightWatchTest"/>
  <testcase name="verifyStringInAFindAStudioPageTitle" time="0.104" classname="weightwatchersassignment.WeightWatchTest"/>
  <testcase name="enterZipCodeAndSearch" time="1.585" classname="weightwatchersassignment.WeightWatchTest"/>
  <testcase name="printTheTitleAndDistanceOfFirstResult" time="2.897" classname="weightwatchersassignment.WeightWatchTest"/>
  <testcase name="firstSearchClickAndNameMatch" time="3.152" classname="weightwatchersassignment.WeightWatchTest"/>
  <testcase name="printTodaysHoursOfOperation" time="0.989" classname="weightwatchersassignment.WeightWatchTest"/>
</testsuite> <!-- weightwatchersassignment.WeightWatchTest -->
